[debug] [2024-04-10T19:28:44.728Z] ----------------------------------------------------------------------
[debug] [2024-04-10T19:28:44.731Z] Command:       C:\Program Files\nodejs\node.exe C:\Users\shahc\AppData\Roaming\npm\node_modules\firebase-tools\lib\bin\firebase.js init
[debug] [2024-04-10T19:28:44.732Z] CLI Version:   13.7.1
[debug] [2024-04-10T19:28:44.732Z] Platform:      win32
[debug] [2024-04-10T19:28:44.732Z] Node Version:  v18.18.0
[debug] [2024-04-10T19:28:44.733Z] Time:          Wed Apr 10 2024 15:28:44 GMT-0400 (Eastern Daylight Time)
[debug] [2024-04-10T19:28:44.733Z] ----------------------------------------------------------------------
[debug] 
[debug] [2024-04-10T19:28:44.741Z] > command requires scopes: ["email","openid","https://www.googleapis.com/auth/cloudplatformprojects.readonly","https://www.googleapis.com/auth/firebase","https://www.googleapis.com/auth/cloud-platform"]
[debug] [2024-04-10T19:28:44.742Z] > authorizing via signed-in user (shahcharmil73@gmail.com)
[info] 
     ######## #### ########  ######## ########     ###     ######  ########
     ##        ##  ##     ## ##       ##     ##  ##   ##  ##       ##
     ######    ##  ########  ######   ########  #########  ######  ######
     ##        ##  ##    ##  ##       ##     ## ##     ##       ## ##
     ##       #### ##     ## ######## ########  ##     ##  ######  ########

You're about to initialize a Firebase project in this directory:

  D:\portfolio\react-js-personal-portfolio-main

[info] 
=== Project Setup
[info] 
[info] First, let's associate this project directory with a Firebase project.
[info] You can create multiple project aliases by running firebase use --add, 
[info] but for now we'll just set up a default project.
[info] 
[info] i  If you want to create a project in a Google Cloud organization or folder, please use "firebase projects:create" instead, and return to this command when you've created the project. 
[debug] [2024-04-10T19:29:03.410Z] ----------------------------------------------------------------------
[debug] [2024-04-10T19:29:03.412Z] Command:       C:\Program Files\nodejs\node.exe C:\Users\shahc\AppData\Roaming\npm\node_modules\firebase-tools\lib\bin\firebase.js init
[debug] [2024-04-10T19:29:03.413Z] CLI Version:   13.7.1
[debug] [2024-04-10T19:29:03.413Z] Platform:      win32
[debug] [2024-04-10T19:29:03.413Z] Node Version:  v18.18.0
[debug] [2024-04-10T19:29:03.414Z] Time:          Wed Apr 10 2024 15:29:03 GMT-0400 (Eastern Daylight Time)
[debug] [2024-04-10T19:29:03.414Z] ----------------------------------------------------------------------
[debug] 
[debug] [2024-04-10T19:29:03.422Z] > command requires scopes: ["email","openid","https://www.googleapis.com/auth/cloudplatformprojects.readonly","https://www.googleapis.com/auth/firebase","https://www.googleapis.com/auth/cloud-platform"]
[debug] [2024-04-10T19:29:03.423Z] > authorizing via signed-in user (shahcharmil73@gmail.com)
[info] 
     ######## #### ########  ######## ########     ###     ######  ########
     ##        ##  ##     ## ##       ##     ##  ##   ##  ##       ##
     ######    ##  ########  ######   ########  #########  ######  ######
     ##        ##  ##    ##  ##       ##     ## ##     ##       ## ##
     ##       #### ##     ## ######## ########  ##     ##  ######  ########

You're about to initialize a Firebase project in this directory:

  D:\portfolio\react-js-personal-portfolio-main

[info] 
=== Project Setup
[info] 
[info] First, let's associate this project directory with a Firebase project.
[info] You can create multiple project aliases by running firebase use --add, 
[info] but for now we'll just set up a default project.
[info] 
[debug] [2024-04-10T19:29:08.941Z] >>> [apiv2][query] GET https://firebase.googleapis.com/v1beta1/projects pageSize=100
[debug] [2024-04-10T19:29:09.383Z] <<< [apiv2][status] GET https://firebase.googleapis.com/v1beta1/projects 200
[debug] [2024-04-10T19:29:09.383Z] <<< [apiv2][body] GET https://firebase.googleapis.com/v1beta1/projects [omitted]
[info] i  Using project fir-portfolio-ffec3 (Firebase-portfolio) 
[info] 
=== Hosting Setup
[debug] [2024-04-10T19:29:10.491Z] >>> [apiv2][query] GET https://firebase.googleapis.com/v1beta1/projects/fir-portfolio-ffec3 [none]
[debug] [2024-04-10T19:29:10.718Z] <<< [apiv2][status] GET https://firebase.googleapis.com/v1beta1/projects/fir-portfolio-ffec3 200
[debug] [2024-04-10T19:29:10.718Z] <<< [apiv2][body] GET https://firebase.googleapis.com/v1beta1/projects/fir-portfolio-ffec3 {"projectId":"fir-portfolio-ffec3","projectNumber":"290007192783","displayName":"Firebase-portfolio","name":"projects/fir-portfolio-ffec3","resources":{"hostingSite":"fir-portfolio-ffec3"},"state":"ACTIVE","etag":"1_5f6e2049-9bb3-4310-b8af-ca1fbd7dbfd1"}
[info] 
[info] Your public directory is the folder (relative to your project directory) that
[info] will contain Hosting assets to be uploaded with firebase deploy. If you
[info] have a build process for your assets, use your build's output directory.
[info] 
[info] i  Skipping write of y/404.html 
[debug] [2024-04-10T19:29:22.603Z] >>> [apiv2][query] GET https://www.gstatic.com/firebasejs/releases.json [none]
[debug] [2024-04-10T19:29:22.676Z] <<< [apiv2][status] GET https://www.gstatic.com/firebasejs/releases.json 200
[debug] [2024-04-10T19:29:22.676Z] <<< [apiv2][body] GET https://www.gstatic.com/firebasejs/releases.json {"current":{"version":"10.10.0","browserURL":"https://www.gstatic.com/firebasejs/10.10.0/firebase.js","packageURL":"https://www.gstatic.com/firebasejs/10.10.0/firebase.tgz"},"live":{"version":"10.10","browserURL":"https://www.gstatic.com/firebasejs/live/10.10/firebase.js","packageURL":"https://www.gstatic.com/firebasejs/live/10.10/firebase.tgz"},"components":{"analytics":"https://www.gstatic.com/firebasejs/10.10.0/firebase-analytics.js","app":"https://www.gstatic.com/firebasejs/10.10.0/firebase-app.js","app-check":"https://www.gstatic.com/firebasejs/10.10.0/firebase-app-check.js","auth":"https://www.gstatic.com/firebasejs/10.10.0/firebase-auth.js","auth/cordova":"https://www.gstatic.com/firebasejs/10.10.0/firebase-auth/cordova.js","auth/web-extension":"https://www.gstatic.com/firebasejs/10.10.0/firebase-auth/web-extension.js","functions":"https://www.gstatic.com/firebasejs/10.10.0/firebase-functions.js","firestore":"https://www.gstatic.com/firebasejs/10.10.0/firebase-firestore.js","firestore/lite":"https://www.gstatic.com/firebasejs/10.10.0/firebase-firestore/lite.js","installations":"https://www.gstatic.com/firebasejs/10.10.0/firebase-installations.js","storage":"https://www.gstatic.com/firebasejs/10.10.0/firebase-storage.js","performance":"https://www.gstatic.com/firebasejs/10.10.0/firebase-performance.js","remote-config":"https://www.gstatic.com/firebasejs/10.10.0/firebase-remote-config.js","messaging":"https://www.gstatic.com/firebasejs/10.10.0/firebase-messaging.js","messaging/sw":"https://www.gstatic.com/firebasejs/10.10.0/firebase-messaging/sw.js","database":"https://www.gstatic.com/firebasejs/10.10.0/firebase-database.js","firestore.memory":"https://www.gstatic.com/firebasejs/10.10.0/firebase-firestore.memory.js"}}
[info] +  Wrote y/index.html 
[info] 
[info] i  Detected a .git folder at D:\portfolio\react-js-personal-portfolio-main 
[info] i  Authorizing with GitHub to upload your service account to a GitHub repository's secrets store. 
[info] 
[info] Visit this URL on this device to log in:
[info] https://github.com/login/oauth/authorize?client_id=89cf50f02ac6aaed3484&state=199660534&redirect_uri=http%3A%2F%2Flocalhost%3A9005&scope=read%3Auser%20repo%20public_repo
[info] 
[info] Waiting for authentication...
